<?xml version="1.0" encoding="UTF-8"?>
<!-- Generated by org.testng.reporters.JUnitReportReporter -->
<testsuite skipped="0" hostname="DESKTOP-3VKN95T" name="com.qa.makemytrip.BusTestNG" tests="1" failures="0" timestamp="2021-05-05T17:56:40 IST" time="15.243" errors="0">
  <testcase name="BusMultipleWindow" time="15.243" classname="com.qa.makemytrip.BusTestNG"/>
  <system-out/>
</testsuite> <!-- com.qa.makemytrip.BusTestNG -->
